2022-07-11T18:29:39+03:00 [EMERGENCY]: emergency
2022-07-11T18:29:39+03:00 [ALERT]: alert
2022-07-11T18:29:39+03:00 [CRITICAL]: critical
2022-07-11T18:29:39+03:00 [ERROR]: error
2022-07-11T18:29:39+03:00 [WARNING]: warning
2022-07-11T18:29:39+03:00 [NOTICE]: notice
2022-07-11T18:29:39+03:00 [INFO]: info
2022-07-11T18:29:39+03:00 [DEBUG]: debug
2022-07-11T18:29:39+03:00 [INFO]: 
SOFTWARE - Apache;
PORT - 80;
ROOT - D:/domains/localhost;
REQUEST - GET;

2022-07-11T18:29:49+03:00 [EMERGENCY]: emergency
2022-07-11T18:29:49+03:00 [ALERT]: alert
2022-07-11T18:29:49+03:00 [CRITICAL]: critical
2022-07-11T18:29:49+03:00 [ERROR]: error
2022-07-11T18:29:49+03:00 [WARNING]: warning
2022-07-11T18:29:49+03:00 [NOTICE]: notice
2022-07-11T18:29:49+03:00 [INFO]: info
2022-07-11T18:29:49+03:00 [DEBUG]: debug
2022-07-11T18:29:49+03:00 [INFO]: 
SOFTWARE - Apache;
PORT - 80;
ROOT - D:/domains/localhost;
REQUEST - GET;

2022-07-11T18:29:57+03:00 [EMERGENCY]: emergency
2022-07-11T18:29:57+03:00 [ALERT]: alert
2022-07-11T18:29:57+03:00 [CRITICAL]: critical
2022-07-11T18:29:57+03:00 [ERROR]: error
2022-07-11T18:29:57+03:00 [WARNING]: warning
2022-07-11T18:29:57+03:00 [NOTICE]: notice
2022-07-11T18:29:57+03:00 [INFO]: info
2022-07-11T18:29:57+03:00 [DEBUG]: debug
2022-07-11T18:29:57+03:00 [INFO]: 
SOFTWARE - Apache;
PORT - 80;
ROOT - D:/domains/localhost;
REQUEST - GET;

2022-07-11T18:29:59+03:00 [EMERGENCY]: emergency
2022-07-11T18:29:59+03:00 [ALERT]: alert
2022-07-11T18:29:59+03:00 [CRITICAL]: critical
2022-07-11T18:29:59+03:00 [ERROR]: error
2022-07-11T18:29:59+03:00 [WARNING]: warning
2022-07-11T18:29:59+03:00 [NOTICE]: notice
2022-07-11T18:29:59+03:00 [INFO]: info
2022-07-11T18:29:59+03:00 [DEBUG]: debug
2022-07-11T18:29:59+03:00 [INFO]: 
SOFTWARE - Apache;
PORT - 80;
ROOT - D:/domains/localhost;
REQUEST - GET;

2022-07-11T18:30:00+03:00 [EMERGENCY]: emergency
2022-07-11T18:30:00+03:00 [ALERT]: alert
2022-07-11T18:30:00+03:00 [CRITICAL]: critical
2022-07-11T18:30:00+03:00 [ERROR]: error
2022-07-11T18:30:00+03:00 [WARNING]: warning
2022-07-11T18:30:00+03:00 [NOTICE]: notice
2022-07-11T18:30:00+03:00 [INFO]: info
2022-07-11T18:30:00+03:00 [DEBUG]: debug
2022-07-11T18:30:00+03:00 [INFO]: 
SOFTWARE - Apache;
PORT - 80;
ROOT - D:/domains/localhost;
REQUEST - GET;

2022-07-11T18:30:08+03:00 [EMERGENCY]: emergency
2022-07-11T18:30:08+03:00 [ALERT]: alert
2022-07-11T18:30:08+03:00 [CRITICAL]: critical
2022-07-11T18:30:08+03:00 [ERROR]: error
2022-07-11T18:30:08+03:00 [WARNING]: warning
2022-07-11T18:30:08+03:00 [NOTICE]: notice
2022-07-11T18:30:08+03:00 [INFO]: info
2022-07-11T18:30:08+03:00 [DEBUG]: debug
2022-07-11T18:30:08+03:00 [INFO]: 
SOFTWARE - Apache;
PORT - 80;
ROOT - D:/domains/localhost;
REQUEST - GET;

2022-07-11T18:30:10+03:00 [EMERGENCY]: emergency
2022-07-11T18:30:10+03:00 [ALERT]: alert
2022-07-11T18:30:10+03:00 [CRITICAL]: critical
2022-07-11T18:30:10+03:00 [ERROR]: error
2022-07-11T18:30:10+03:00 [WARNING]: warning
2022-07-11T18:30:10+03:00 [NOTICE]: notice
2022-07-11T18:30:10+03:00 [INFO]: info
2022-07-11T18:30:10+03:00 [DEBUG]: debug
2022-07-11T18:30:10+03:00 [INFO]: 
SOFTWARE - Apache;
PORT - 80;
ROOT - D:/domains/localhost;
REQUEST - GET;

2022-07-11T18:30:10+03:00 [EMERGENCY]: emergency
2022-07-11T18:30:10+03:00 [ALERT]: alert
2022-07-11T18:30:10+03:00 [CRITICAL]: critical
2022-07-11T18:30:10+03:00 [ERROR]: error
2022-07-11T18:30:10+03:00 [WARNING]: warning
2022-07-11T18:30:10+03:00 [NOTICE]: notice
2022-07-11T18:30:10+03:00 [INFO]: info
2022-07-11T18:30:10+03:00 [DEBUG]: debug
2022-07-11T18:30:10+03:00 [INFO]: 
SOFTWARE - Apache;
PORT - 80;
ROOT - D:/domains/localhost;
REQUEST - GET;

2022-07-11T18:30:11+03:00 [EMERGENCY]: emergency
2022-07-11T18:30:11+03:00 [ALERT]: alert
2022-07-11T18:30:11+03:00 [CRITICAL]: critical
2022-07-11T18:30:11+03:00 [ERROR]: error
2022-07-11T18:30:11+03:00 [WARNING]: warning
2022-07-11T18:30:11+03:00 [NOTICE]: notice
2022-07-11T18:30:11+03:00 [INFO]: info
2022-07-11T18:30:11+03:00 [DEBUG]: debug
2022-07-11T18:30:11+03:00 [INFO]: 
SOFTWARE - Apache;
PORT - 80;
ROOT - D:/domains/localhost;
REQUEST - GET;

2022-07-11T18:30:48+03:00 [EMERGENCY]: emergency
2022-07-11T18:30:48+03:00 [ALERT]: alert
2022-07-11T18:30:48+03:00 [CRITICAL]: critical
2022-07-11T18:30:48+03:00 [ERROR]: error
2022-07-11T18:30:48+03:00 [WARNING]: warning
2022-07-11T18:30:48+03:00 [NOTICE]: notice
2022-07-11T18:30:48+03:00 [INFO]: info
2022-07-11T18:30:48+03:00 [DEBUG]: debug
2022-07-11T18:30:48+03:00 [INFO]: 
SOFTWARE - Apache;
PORT - 80;
ROOT - D:/domains/localhost;
REQUEST - GET;

